<?xml version="1.0" encoding="UTF-8"?>
<testsuite name="co.com.ceiba.parqueadero.service.VigilanteServiceTest" tests="21" skipped="0" failures="0" errors="0" timestamp="2018-07-30T21:16:17" hostname="ANDERSON-SANTAMARIA" time="0.238">
  <properties/>
  <testcase name="obtenerValorAPagarCarro" classname="co.com.ceiba.parqueadero.service.VigilanteServiceTest" time="0.207"/>
  <testcase name="obtenerValorAPagarMotoSinCostoPorCilindraje" classname="co.com.ceiba.parqueadero.service.VigilanteServiceTest" time="0.002"/>
  <testcase name="verificarSiEsDiaHabil" classname="co.com.ceiba.parqueadero.service.VigilanteServiceTest" time="0.002"/>
  <testcase name="noHayDisponibilidadParaOtroTipoDeVehiculo" classname="co.com.ceiba.parqueadero.service.VigilanteServiceTest" time="0.002"/>
  <testcase name="noHayDisponibilidadParaCarro" classname="co.com.ceiba.parqueadero.service.VigilanteServiceTest" time="0.001"/>
  <testcase name="siPuedeIngresarPorPlaca" classname="co.com.ceiba.parqueadero.service.VigilanteServiceTest" time="0.001"/>
  <testcase name="cobrarCostoExtraPorCilindraje" classname="co.com.ceiba.parqueadero.service.VigilanteServiceTest" time="0.002"/>
  <testcase name="calcularTiempoEnElParqueaderoEnHoras" classname="co.com.ceiba.parqueadero.service.VigilanteServiceTest" time="0.001"/>
  <testcase name="noCobrarCostoExtraPorCilindraje" classname="co.com.ceiba.parqueadero.service.VigilanteServiceTest" time="0.001"/>
  <testcase name="calcularTiempoEnElParqueaderoEnDias" classname="co.com.ceiba.parqueadero.service.VigilanteServiceTest" time="0.001"/>
  <testcase name="inicializarSinMotos" classname="co.com.ceiba.parqueadero.service.VigilanteServiceTest" time="0.005"/>
  <testcase name="siHayDisponibilidadParaCarro" classname="co.com.ceiba.parqueadero.service.VigilanteServiceTest" time="0.001"/>
  <testcase name="obtenerValorAPagarMotoConCostoPorCilindraje" classname="co.com.ceiba.parqueadero.service.VigilanteServiceTest" time="0.002"/>
  <testcase name="inicializarTipoNoValidoDeVehiculos" classname="co.com.ceiba.parqueadero.service.VigilanteServiceTest" time="0.001"/>
  <testcase name="verificarSiPuedeIngresarPorPlaca" classname="co.com.ceiba.parqueadero.service.VigilanteServiceTest" time="0.002"/>
  <testcase name="noHayDisponibilidadParaMoto" classname="co.com.ceiba.parqueadero.service.VigilanteServiceTest" time="0.001"/>
  <testcase name="inicializar_6_Motos" classname="co.com.ceiba.parqueadero.service.VigilanteServiceTest" time="0.001"/>
  <testcase name="siHayDisponibilidadParaMoto" classname="co.com.ceiba.parqueadero.service.VigilanteServiceTest" time="0.001"/>
  <testcase name="inicializar_5_Carros" classname="co.com.ceiba.parqueadero.service.VigilanteServiceTest" time="0.001"/>
  <testcase name="placaPorA" classname="co.com.ceiba.parqueadero.service.VigilanteServiceTest" time="0.001"/>
  <testcase name="placaPorT" classname="co.com.ceiba.parqueadero.service.VigilanteServiceTest" time="0.001"/>
  <system-out><![CDATA[]]></system-out>
  <system-err><![CDATA[java.lang.NullPointerException
	at co.com.ceiba.parqueadero.service.VigilanteService.inicializarCantidadDeVehiculosPorTipo(VigilanteService.java:71)
	at co.com.ceiba.parqueadero.service.VigilanteServiceTest.inicializarSinMotos(VigilanteServiceTest.java:170)
	at sun.reflect.NativeMethodAccessorImpl.invoke0(Native Method)
	at sun.reflect.NativeMethodAccessorImpl.invoke(NativeMethodAccessorImpl.java:62)
	at sun.reflect.DelegatingMethodAccessorImpl.invoke(DelegatingMethodAccessorImpl.java:43)
	at java.lang.reflect.Method.invoke(Method.java:498)
	at org.junit.runners.model.FrameworkMethod$1.runReflectiveCall(FrameworkMethod.java:50)
	at org.junit.internal.runners.model.ReflectiveCallable.run(ReflectiveCallable.java:12)
	at org.junit.runners.model.FrameworkMethod.invokeExplosively(FrameworkMethod.java:47)
	at org.junit.internal.runners.statements.InvokeMethod.evaluate(InvokeMethod.java:17)
	at org.junit.internal.runners.statements.RunBefores.evaluate(RunBefores.java:26)
	at org.junit.runners.ParentRunner.runLeaf(ParentRunner.java:325)
	at org.junit.runners.BlockJUnit4ClassRunner.runChild(BlockJUnit4ClassRunner.java:78)
	at org.junit.runners.BlockJUnit4ClassRunner.runChild(BlockJUnit4ClassRunner.java:57)
	at org.junit.runners.ParentRunner$3.run(ParentRunner.java:290)
	at org.junit.runners.ParentRunner$1.schedule(ParentRunner.java:71)
	at org.junit.runners.ParentRunner.runChildren(ParentRunner.java:288)
	at org.junit.runners.ParentRunner.access$000(ParentRunner.java:58)
	at org.junit.runners.ParentRunner$2.evaluate(ParentRunner.java:268)
	at org.junit.runners.ParentRunner.run(ParentRunner.java:363)
	at org.gradle.api.internal.tasks.testing.junit.JUnitTestClassExecuter.runTestClass(JUnitTestClassExecuter.java:114)
	at org.gradle.api.internal.tasks.testing.junit.JUnitTestClassExecuter.execute(JUnitTestClassExecuter.java:57)
	at org.gradle.api.internal.tasks.testing.junit.JUnitTestClassProcessor.processTestClass(JUnitTestClassProcessor.java:66)
	at org.gradle.api.internal.tasks.testing.SuiteTestClassProcessor.processTestClass(SuiteTestClassProcessor.java:51)
	at sun.reflect.NativeMethodAccessorImpl.invoke0(Native Method)
	at sun.reflect.NativeMethodAccessorImpl.invoke(NativeMethodAccessorImpl.java:62)
	at sun.reflect.DelegatingMethodAccessorImpl.invoke(DelegatingMethodAccessorImpl.java:43)
	at java.lang.reflect.Method.invoke(Method.java:498)
	at org.gradle.internal.dispatch.ReflectionDispatch.dispatch(ReflectionDispatch.java:35)
	at org.gradle.internal.dispatch.ReflectionDispatch.dispatch(ReflectionDispatch.java:24)
	at org.gradle.internal.dispatch.ContextClassLoaderDispatch.dispatch(ContextClassLoaderDispatch.java:32)
	at org.gradle.internal.dispatch.ProxyDispatchAdapter$DispatchingInvocationHandler.invoke(ProxyDispatchAdapter.java:93)
	at com.sun.proxy.$Proxy1.processTestClass(Unknown Source)
	at org.gradle.api.internal.tasks.testing.worker.TestWorker.processTestClass(TestWorker.java:108)
	at sun.reflect.NativeMethodAccessorImpl.invoke0(Native Method)
	at sun.reflect.NativeMethodAccessorImpl.invoke(NativeMethodAccessorImpl.java:62)
	at sun.reflect.DelegatingMethodAccessorImpl.invoke(DelegatingMethodAccessorImpl.java:43)
	at java.lang.reflect.Method.invoke(Method.java:498)
	at org.gradle.internal.dispatch.ReflectionDispatch.dispatch(ReflectionDispatch.java:35)
	at org.gradle.internal.dispatch.ReflectionDispatch.dispatch(ReflectionDispatch.java:24)
	at org.gradle.internal.remote.internal.hub.MessageHubBackedObjectConnection$DispatchWrapper.dispatch(MessageHubBackedObjectConnection.java:146)
	at org.gradle.internal.remote.internal.hub.MessageHubBackedObjectConnection$DispatchWrapper.dispatch(MessageHubBackedObjectConnection.java:128)
	at org.gradle.internal.remote.internal.hub.MessageHub$Handler.run(MessageHub.java:404)
	at org.gradle.internal.concurrent.ExecutorPolicy$CatchAndRecordFailures.onExecute(ExecutorPolicy.java:63)
	at org.gradle.internal.concurrent.ManagedExecutorImpl$1.run(ManagedExecutorImpl.java:46)
	at java.util.concurrent.ThreadPoolExecutor.runWorker(ThreadPoolExecutor.java:1149)
	at java.util.concurrent.ThreadPoolExecutor$Worker.run(ThreadPoolExecutor.java:624)
	at org.gradle.internal.concurrent.ThreadFactoryImpl$ManagedThreadRunnable.run(ThreadFactoryImpl.java:55)
	at java.lang.Thread.run(Thread.java:748)
]]></system-err>
</testsuite>
