<?xml version="1.0" encoding="UTF-8"?>
<testsuite name="co.com.ceiba.parqueadero.service.VigilanteServiceTest" tests="2" skipped="0" failures="0" errors="0" timestamp="2018-07-27T19:02:10" hostname="ANDERSON-SANTAMARIA" time="0.005">
  <properties/>
  <testcase name="placaPorA" classname="co.com.ceiba.parqueadero.service.VigilanteServiceTest" time="0.005"/>
  <testcase name="placaPorT" classname="co.com.ceiba.parqueadero.service.VigilanteServiceTest" time="0.0"/>
  <system-out><![CDATA[]]></system-out>
  <system-err><![CDATA[]]></system-err>
</testsuite>
