<?xml version="1.0" encoding="UTF-8"?>
<testsuite name="co.com.ceiba.parqueadero.service.VigilanteServiceTest" tests="5" skipped="0" failures="0" errors="0" timestamp="2018-07-30T05:15:16" hostname="ANDERSON-SANTAMARIA" time="0.036">
  <properties/>
  <testcase name="verificarSiEsDiaHabil" classname="co.com.ceiba.parqueadero.service.VigilanteServiceTest" time="0.032"/>
  <testcase name="siPuedeIngresarPorPlaca" classname="co.com.ceiba.parqueadero.service.VigilanteServiceTest" time="0.002"/>
  <testcase name="verificarSiPuedeIngresarPorPlaca" classname="co.com.ceiba.parqueadero.service.VigilanteServiceTest" time="0.0"/>
  <testcase name="placaPorA" classname="co.com.ceiba.parqueadero.service.VigilanteServiceTest" time="0.0"/>
  <testcase name="placaPorT" classname="co.com.ceiba.parqueadero.service.VigilanteServiceTest" time="0.001"/>
  <system-out><![CDATA[]]></system-out>
  <system-err><![CDATA[]]></system-err>
</testsuite>
